{"C:\\MUSE\\kobayashi maru\\mu-se-ph-23-quiezek-km-rest\\src\\employees.js": {"path":"C:\\MUSE\\kobayashi maru\\mu-se-ph-23-quiezek-km-rest\\src\\employees.js","statementMap":{"0":{"start":{"line":1,"column":0},"end":{"line":14,"column":2}}},"fnMap":{},"branchMap":{},"s":{"0":1},"f":{},"b":{},"_coverageSchema":"1a1c01bbd47fc00a2c39e90264f33305004495a9","hash":"5c151004f43cf18083e1afb136e30dabdb20cb81"}
,"C:\\MUSE\\kobayashi maru\\mu-se-ph-23-quiezek-km-rest\\src\\functions\\apiHandlers.js": {"path":"C:\\MUSE\\kobayashi maru\\mu-se-ph-23-quiezek-km-rest\\src\\functions\\apiHandlers.js","statementMap":{"0":{"start":{"line":1,"column":22},"end":{"line":1,"column":45}},"1":{"start":{"line":3,"column":20},"end":{"line":27,"column":1}},"2":{"start":{"line":5,"column":27},"end":{"line":5,"column":36}},"3":{"start":{"line":7,"column":8},"end":{"line":11,"column":9}},"4":{"start":{"line":8,"column":12},"end":{"line":10,"column":14}},"5":{"start":{"line":9,"column":16},"end":{"line":9,"column":58}},"6":{"start":{"line":13,"column":8},"end":{"line":13,"column":28}},"7":{"start":{"line":16,"column":8},"end":{"line":16,"column":57}},"8":{"start":{"line":16,"column":25},"end":{"line":16,"column":57}},"9":{"start":{"line":17,"column":25},"end":{"line":19,"column":10}},"10":{"start":{"line":18,"column":12},"end":{"line":18,"column":67}},"11":{"start":{"line":21,"column":8},"end":{"line":23,"column":9}},"12":{"start":{"line":22,"column":12},"end":{"line":22,"column":42}},"13":{"start":{"line":25,"column":8},"end":{"line":25,"column":24}},"14":{"start":{"line":29,"column":0},"end":{"line":29,"column":30}}},"fnMap":{"0":{"name":"(anonymous_0)","decl":{"start":{"line":4,"column":25},"end":{"line":4,"column":26}},"loc":{"start":{"line":4,"column":41},"end":{"line":14,"column":5}},"line":4},"1":{"name":"(anonymous_1)","decl":{"start":{"line":8,"column":44},"end":{"line":8,"column":45}},"loc":{"start":{"line":8,"column":58},"end":{"line":10,"column":13}},"line":8},"2":{"name":"(anonymous_2)","decl":{"start":{"line":15,"column":32},"end":{"line":15,"column":33}},"loc":{"start":{"line":15,"column":49},"end":{"line":26,"column":5}},"line":15},"3":{"name":"(anonymous_3)","decl":{"start":{"line":17,"column":40},"end":{"line":17,"column":41}},"loc":{"start":{"line":17,"column":54},"end":{"line":19,"column":9}},"line":17}},"branchMap":{"0":{"loc":{"start":{"line":7,"column":8},"end":{"line":11,"column":9}},"type":"if","locations":[{"start":{"line":7,"column":8},"end":{"line":11,"column":9}},{"start":{},"end":{}}],"line":7},"1":{"loc":{"start":{"line":16,"column":8},"end":{"line":16,"column":57}},"type":"if","locations":[{"start":{"line":16,"column":8},"end":{"line":16,"column":57}},{"start":{},"end":{}}],"line":16},"2":{"loc":{"start":{"line":21,"column":8},"end":{"line":23,"column":9}},"type":"if","locations":[{"start":{"line":21,"column":8},"end":{"line":23,"column":9}},{"start":{},"end":{}}],"line":21}},"s":{"0":1,"1":1,"2":3,"3":3,"4":2,"5":20,"6":3,"7":3,"8":1,"9":2,"10":11,"11":2,"12":1,"13":1,"14":1},"f":{"0":3,"1":20,"2":3,"3":11},"b":{"0":[2,1],"1":[1,2],"2":[1,1]},"_coverageSchema":"1a1c01bbd47fc00a2c39e90264f33305004495a9","hash":"12eae62f22dc75dc2fa8adbd21afa2b427f9ef2a"}
}
