TN:
SF:src\employees.js
FNF:0
FNH:0
DA:1,1
LF:1
LH:1
BRF:0
BRH:0
end_of_record
TN:
SF:src\functions\apiHandlers.js
FN:4,(anonymous_0)
FN:8,(anonymous_1)
FN:15,(anonymous_2)
FN:17,(anonymous_3)
FNF:4
FNH:4
FNDA:3,(anonymous_0)
FNDA:20,(anonymous_1)
FNDA:3,(anonymous_2)
FNDA:11,(anonymous_3)
DA:1,1
DA:3,1
DA:5,3
DA:7,3
DA:8,2
DA:9,20
DA:13,3
DA:16,3
DA:17,2
DA:18,11
DA:21,2
DA:22,1
DA:25,1
DA:29,1
LF:14
LH:14
BRDA:7,0,0,2
BRDA:7,0,1,1
BRDA:16,1,0,1
BRDA:16,1,1,2
BRDA:21,2,0,1
BRDA:21,2,1,1
BRF:6
BRH:6
end_of_record
